[debug] [2026-01-12T01:18:42.592Z] ----------------------------------------------------------------------
[debug] [2026-01-12T01:18:42.593Z] Command:       /opt/homebrew/Cellar/node/24.7.0/bin/node /usr/local/bin/firebase apps:sdkconfig WEB --project wheelpath-filesearch
[debug] [2026-01-12T01:18:42.593Z] CLI Version:   13.27.0
[debug] [2026-01-12T01:18:42.593Z] Platform:      darwin
[debug] [2026-01-12T01:18:42.594Z] Node Version:  v24.7.0
[debug] [2026-01-12T01:18:42.594Z] Time:          Sun Jan 11 2026 20:18:42 GMT-0500 (Eastern Standard Time)
[debug] [2026-01-12T01:18:42.594Z] ----------------------------------------------------------------------
[debug] 
[debug] [2026-01-12T01:18:42.595Z] >>> [apiv2][query] GET https://firebase-public.firebaseio.com/cli.json [none]
[debug] [2026-01-12T01:18:42.639Z] > command requires scopes: ["email","openid","https://www.googleapis.com/auth/cloudplatformprojects.readonly","https://www.googleapis.com/auth/firebase","https://www.googleapis.com/auth/cloud-platform"]
[debug] [2026-01-12T01:18:42.639Z] > authorizing via signed-in user (wheelpathai@gmail.com)
[debug] [2026-01-12T01:18:42.640Z] Checked if tokens are valid: false, expires at: 1766824681744
[debug] [2026-01-12T01:18:42.640Z] Checked if tokens are valid: false, expires at: 1766824681744
[debug] [2026-01-12T01:18:42.640Z] > refreshing access token with scopes: []
[debug] [2026-01-12T01:18:42.640Z] >>> [apiv2][query] POST https://www.googleapis.com/oauth2/v3/token [none]
[debug] [2026-01-12T01:18:42.640Z] >>> [apiv2][body] POST https://www.googleapis.com/oauth2/v3/token [omitted]
[debug] [2026-01-12T01:18:43.027Z] <<< [apiv2][status] GET https://firebase-public.firebaseio.com/cli.json 200
[debug] [2026-01-12T01:18:43.028Z] <<< [apiv2][body] GET https://firebase-public.firebaseio.com/cli.json {"cloudBuildErrorAfter":1594252800000,"cloudBuildWarnAfter":1590019200000,"defaultNode10After":1594252800000,"minVersion":"3.0.5","node8DeploysDisabledAfter":1613390400000,"node8RuntimeDisabledAfter":1615809600000,"node8WarnAfter":1600128000000}
[debug] [2026-01-12T01:18:43.045Z] <<< [apiv2][status] POST https://www.googleapis.com/oauth2/v3/token 200
[debug] [2026-01-12T01:18:43.045Z] <<< [apiv2][body] POST https://www.googleapis.com/oauth2/v3/token [omitted]
[debug] [2026-01-12T01:18:43.057Z] >>> [apiv2][query] GET https://firebase.googleapis.com/v1beta1/projects/wheelpath-filesearch/webApps pageSize=100
[debug] [2026-01-12T01:18:43.689Z] <<< [apiv2][status] GET https://firebase.googleapis.com/v1beta1/projects/wheelpath-filesearch/webApps 403
[debug] [2026-01-12T01:18:43.690Z] <<< [apiv2][body] GET https://firebase.googleapis.com/v1beta1/projects/wheelpath-filesearch/webApps {"error":{"code":403,"message":"The caller does not have permission","status":"PERMISSION_DENIED"}}
[debug] [2026-01-12T01:18:43.691Z] Request to https://firebase.googleapis.com/v1beta1/projects/wheelpath-filesearch/webApps?pageSize=100 had HTTP Error: 403, The caller does not have permission
[debug] [2026-01-12T01:18:43.893Z] FirebaseError: Request to https://firebase.googleapis.com/v1beta1/projects/wheelpath-filesearch/webApps?pageSize=100 had HTTP Error: 403, The caller does not have permission
    at responseToError (/usr/local/lib/node_modules/firebase-tools/lib/responseToError.js:52:12)
    at RetryOperation._fn (/usr/local/lib/node_modules/firebase-tools/lib/apiv2.js:312:77)
    at process.processTicksAndRejections (node:internal/process/task_queues:105:5)
[error] 
[error] Error: Failed to list Firebase WEB apps. See firebase-debug.log for more info.
